system   D            wsystem.c:583  maybe_parent_dir                 [   0.00043] Also searching C:\Game Dev\ECITA game (c++, image)\ECITA game\
system   D            wsystem.c:633  _al_win_safe_load_library        [   0.00065] PathFindOnPath found: C:\Windows\system32\d3d9.dll
system   D            wsystem.c:544  load_library_at_path             [   0.00066] Calling LoadLibrary C:\Windows\system32\d3d9.dll
system   I            wsystem.c:547  load_library_at_path             [   0.00569] Loaded C:\Windows\system32\d3d9.dll
d3d      I         d3d_disp.cpp:696  _al_d3d_init_display             [   0.03686] Render-to-texture: 1
system   I             system.c:252  al_install_system                [   0.03690] Allegro version: 5.0.10
d3d      I         d3d_disp.cpp:1737 d3d_create_display_locked        [   0.03869] faux_fullscreen=0
d3d      D         d3d_disp.cpp:1738 d3d_create_display_locked        [   0.03872] al_display=00EE5C78
d3d      D         d3d_disp.cpp:1739 d3d_create_display_locked        [   0.03873] al_display->vt=00EE5BB0
d3d      I d3d_display_formats.cpp:144  _al_d3d_generate_display_format_list [   0.03961] found 288 format combinations
display  D   display_settings.c:191  debug_display_settings           [   0.03965] color: 32 (rgba 8880), depth: 0, stencil: 0, acc: 0000, samples: 0/0
display  D   display_settings.c:506  _al_score_display_settings       [   0.03966] Score is : 897
display  D   display_settings.c:191  debug_display_settings           [   0.03967] color: 32 (rgba 8880), depth: 0, stencil: 0, acc: 0000, samples: 0/0
display  D   display_settings.c:506  _al_score_display_settings       [   0.03968] Score is : 897
display  D   display_settings.c:191  debug_display_settings           [   0.03969] color: 32 (rgba 8880), depth: 0, stencil: 0, acc: 0000, samples: 2/1
display  D   display_settings.c:506  _al_score_display_settings       [   0.03970] Score is : 726
display  D   display_settings.c:191  debug_display_settings           [   0.03971] color: 32 (rgba 8880), depth: 0, stencil: 0, acc: 0000, samples: 3/1
display  D   display_settings.c:506  _al_score_display_settings       [   0.03972] Score is : 721
display  D   display_settings.c:191  debug_display_settings           [   0.03973] color: 32 (rgba 8880), depth: 0, stencil: 0, acc: 0000, samples: 4/1
display  D   display_settings.c:506  _al_score_display_settings       [   0.03974] Score is : 717
display  D   display_settings.c:191  debug_display_settings           [   0.03975] color: 32 (rgba 8880), depth: 0, stencil: 0, acc: 0000, samples: 5/1
display  D   display_settings.c:506  _al_score_display_settings       [   0.03976] Score is : 715
display  D   display_settings.c:191  debug_display_settings           [   0.03977] color: 32 (rgba 8880), depth: 0, stencil: 0, acc: 0000, samples: 6/1
display  D   display_settings.c:506  _al_score_display_settings       [   0.03978] Score is : 714
display  D   display_settings.c:191  debug_display_settings           [   0.03979] color: 32 (rgba 8880), depth: 0, stencil: 0, acc: 0000, samples: 7/1
display  D   display_settings.c:506  _al_score_display_settings       [   0.03980] Score is : 713
display  D   display_settings.c:191  debug_display_settings           [   0.03981] color: 32 (rgba 8880), depth: 0, stencil: 0, acc: 0000, samples: 8/1
display  D   display_settings.c:506  _al_score_display_settings       [   0.03983] Score is : 712
display  D   display_settings.c:191  debug_display_settings           [   0.03984] color: 32 (rgba 8880), depth: 24, stencil: 8, acc: 0000, samples: 0/0
display  D   display_settings.c:506  _al_score_display_settings       [   0.03986] Score is : 897
display  D   display_settings.c:191  debug_display_settings           [   0.03987] color: 32 (rgba 8880), depth: 24, stencil: 8, acc: 0000, samples: 0/0
display  D   display_settings.c:506  _al_score_display_settings       [   0.03988] Score is : 897
display  D   display_settings.c:191  debug_display_settings           [   0.03989] color: 32 (rgba 8880), depth: 24, stencil: 8, acc: 0000, samples: 2/1
display  D   display_settings.c:506  _al_score_display_settings       [   0.03997] Score is : 726
display  D   display_settings.c:191  debug_display_settings           [   0.03998] color: 32 (rgba 8880), depth: 24, stencil: 8, acc: 0000, samples: 3/1
display  D   display_settings.c:506  _al_score_display_settings       [   0.03999] Score is : 721
display  D   display_settings.c:191  debug_display_settings           [   0.04000] color: 32 (rgba 8880), depth: 24, stencil: 8, acc: 0000, samples: 4/1
display  D   display_settings.c:506  _al_score_display_settings       [   0.04001] Score is : 717
display  D   display_settings.c:191  debug_display_settings           [   0.04002] color: 32 (rgba 8880), depth: 24, stencil: 8, acc: 0000, samples: 5/1
display  D   display_settings.c:506  _al_score_display_settings       [   0.04003] Score is : 715
display  D   display_settings.c:191  debug_display_settings           [   0.04004] color: 32 (rgba 8880), depth: 24, stencil: 8, acc: 0000, samples: 6/1
display  D   display_settings.c:506  _al_score_display_settings       [   0.04005] Score is : 714
display  D   display_settings.c:191  debug_display_settings           [   0.04006] color: 32 (rgba 8880), depth: 24, stencil: 8, acc: 0000, samples: 7/1
display  D   display_settings.c:506  _al_score_display_settings       [   0.04007] Score is : 713
display  D   display_settings.c:191  debug_display_settings           [   0.04008] color: 32 (rgba 8880), depth: 24, stencil: 8, acc: 0000, samples: 8/1
display  D   display_settings.c:506  _al_score_display_settings       [   0.04009] Score is : 712
display  D   display_settings.c:191  debug_display_settings           [   0.04010] color: 32 (rgba 8880), depth: 24, stencil: 0, acc: 0000, samples: 0/0
display  D   display_settings.c:506  _al_score_display_settings       [   0.04011] Score is : 897
display  D   display_settings.c:191  debug_display_settings           [   0.04012] color: 32 (rgba 8880), depth: 24, stencil: 0, acc: 0000, samples: 0/0
display  D   display_settings.c:506  _al_score_display_settings       [   0.04013] Score is : 897
display  D   display_settings.c:191  debug_display_settings           [   0.04014] color: 32 (rgba 8880), depth: 24, stencil: 0, acc: 0000, samples: 2/1
display  D   display_settings.c:506  _al_score_display_settings       [   0.04015] Score is : 726
display  D   display_settings.c:191  debug_display_settings           [   0.04015] color: 32 (rgba 8880), depth: 24, stencil: 0, acc: 0000, samples: 3/1
display  D   display_settings.c:506  _al_score_display_settings       [   0.04017] Score is : 721
display  D   display_settings.c:191  debug_display_settings           [   0.04017] color: 32 (rgba 8880), depth: 24, stencil: 0, acc: 0000, samples: 4/1
display  D   display_settings.c:506  _al_score_display_settings       [   0.04018] Score is : 717
display  D   display_settings.c:191  debug_display_settings           [   0.04019] color: 32 (rgba 8880), depth: 24, stencil: 0, acc: 0000, samples: 5/1
display  D   display_settings.c:506  _al_score_display_settings       [   0.04020] Score is : 715
display  D   display_settings.c:191  debug_display_settings           [   0.04021] color: 32 (rgba 8880), depth: 24, stencil: 0, acc: 0000, samples: 6/1
display  D   display_settings.c:506  _al_score_display_settings       [   0.04022] Score is : 714
display  D   display_settings.c:191  debug_display_settings           [   0.04023] color: 32 (rgba 8880), depth: 24, stencil: 0, acc: 0000, samples: 7/1
display  D   display_settings.c:506  _al_score_display_settings       [   0.04024] Score is : 713
display  D   display_settings.c:191  debug_display_settings           [   0.04025] color: 32 (rgba 8880), depth: 24, stencil: 0, acc: 0000, samples: 8/1
display  D   display_settings.c:506  _al_score_display_settings       [   0.04026] Score is : 712
display  D   display_settings.c:191  debug_display_settings           [   0.04027] color: 32 (rgba 8880), depth: 16, stencil: 0, acc: 0000, samples: 0/0
display  D   display_settings.c:506  _al_score_display_settings       [   0.04028] Score is : 897
display  D   display_settings.c:191  debug_display_settings           [   0.04029] color: 32 (rgba 8880), depth: 16, stencil: 0, acc: 0000, samples: 0/0
display  D   display_settings.c:506  _al_score_display_settings       [   0.04030] Score is : 897
display  D   display_settings.c:191  debug_display_settings           [   0.04031] color: 32 (rgba 8880), depth: 16, stencil: 0, acc: 0000, samples: 2/1
display  D   display_settings.c:506  _al_score_display_settings       [   0.04032] Score is : 726
display  D   display_settings.c:191  debug_display_settings           [   0.04033] color: 32 (rgba 8880), depth: 16, stencil: 0, acc: 0000, samples: 3/1
display  D   display_settings.c:506  _al_score_display_settings       [   0.04034] Score is : 721
display  D   display_settings.c:191  debug_display_settings           [   0.04035] color: 32 (rgba 8880), depth: 16, stencil: 0, acc: 0000, samples: 4/1
display  D   display_settings.c:506  _al_score_display_settings       [   0.04036] Score is : 717
display  D   display_settings.c:191  debug_display_settings           [   0.04037] color: 32 (rgba 8880), depth: 16, stencil: 0, acc: 0000, samples: 5/1
display  D   display_settings.c:506  _al_score_display_settings       [   0.04038] Score is : 715
display  D   display_settings.c:191  debug_display_settings           [   0.04039] color: 32 (rgba 8880), depth: 16, stencil: 0, acc: 0000, samples: 6/1
display  D   display_settings.c:506  _al_score_display_settings       [   0.04040] Score is : 714
display  D   display_settings.c:191  debug_display_settings           [   0.04041] color: 32 (rgba 8880), depth: 16, stencil: 0, acc: 0000, samples: 7/1
display  D   display_settings.c:506  _al_score_display_settings       [   0.04042] Score is : 713
display  D   display_settings.c:191  debug_display_settings           [   0.04043] color: 32 (rgba 8880), depth: 16, stencil: 0, acc: 0000, samples: 8/1
display  D   display_settings.c:506  _al_score_display_settings       [   0.04045] Score is : 712
display  D   display_settings.c:191  debug_display_settings           [   0.04045] color: 16 (rgba 5650), depth: 0, stencil: 0, acc: 0000, samples: 0/0
display  D   display_settings.c:506  _al_score_display_settings       [   0.04047] Score is : 897
display  D   display_settings.c:191  debug_display_settings           [   0.04047] color: 16 (rgba 5650), depth: 0, stencil: 0, acc: 0000, samples: 0/0
display  D   display_settings.c:506  _al_score_display_settings       [   0.04049] Score is : 897
display  D   display_settings.c:191  debug_display_settings           [   0.04049] color: 16 (rgba 5650), depth: 0, stencil: 0, acc: 0000, samples: 2/1
display  D   display_settings.c:506  _al_score_display_settings       [   0.04051] Score is : 726
display  D   display_settings.c:191  debug_display_settings           [   0.04052] color: 16 (rgba 5650), depth: 0, stencil: 0, acc: 0000, samples: 3/1
display  D   display_settings.c:506  _al_score_display_settings       [   0.04053] Score is : 721
display  D   display_settings.c:191  debug_display_settings           [   0.04054] color: 16 (rgba 5650), depth: 0, stencil: 0, acc: 0000, samples: 4/1
display  D   display_settings.c:506  _al_score_display_settings       [   0.04055] Score is : 717
display  D   display_settings.c:191  debug_display_settings           [   0.04056] color: 16 (rgba 5650), depth: 0, stencil: 0, acc: 0000, samples: 5/1
display  D   display_settings.c:506  _al_score_display_settings       [   0.04057] Score is : 715
display  D   display_settings.c:191  debug_display_settings           [   0.04058] color: 16 (rgba 5650), depth: 0, stencil: 0, acc: 0000, samples: 6/1
display  D   display_settings.c:506  _al_score_display_settings       [   0.04059] Score is : 714
display  D   display_settings.c:191  debug_display_settings           [   0.04060] color: 16 (rgba 5650), depth: 0, stencil: 0, acc: 0000, samples: 7/1
display  D   display_settings.c:506  _al_score_display_settings       [   0.04061] Score is : 713
display  D   display_settings.c:191  debug_display_settings           [   0.04062] color: 16 (rgba 5650), depth: 0, stencil: 0, acc: 0000, samples: 8/1
display  D   display_settings.c:506  _al_score_display_settings       [   0.04064] Score is : 712
display  D   display_settings.c:191  debug_display_settings           [   0.04065] color: 16 (rgba 5650), depth: 24, stencil: 8, acc: 0000, samples: 0/0
display  D   display_settings.c:506  _al_score_display_settings       [   0.04066] Score is : 897
display  D   display_settings.c:191  debug_display_settings           [   0.04067] color: 16 (rgba 5650), depth: 24, stencil: 8, acc: 0000, samples: 0/0
display  D   display_settings.c:506  _al_score_display_settings       [   0.04068] Score is : 897
display  D   display_settings.c:191  debug_display_settings           [   0.04069] color: 16 (rgba 5650), depth: 24, stencil: 8, acc: 0000, samples: 2/1
display  D   display_settings.c:506  _al_score_display_settings       [   0.04070] Score is : 726
display  D   display_settings.c:191  debug_display_settings           [   0.04071] color: 16 (rgba 5650), depth: 24, stencil: 8, acc: 0000, samples: 3/1
display  D   display_settings.c:506  _al_score_display_settings       [   0.04072] Score is : 721
display  D   display_settings.c:191  debug_display_settings           [   0.04073] color: 16 (rgba 5650), depth: 24, stencil: 8, acc: 0000, samples: 4/1
display  D   display_settings.c:506  _al_score_display_settings       [   0.04075] Score is : 717
display  D   display_settings.c:191  debug_display_settings           [   0.04076] color: 16 (rgba 5650), depth: 24, stencil: 8, acc: 0000, samples: 5/1
display  D   display_settings.c:506  _al_score_display_settings       [   0.04077] Score is : 715
display  D   display_settings.c:191  debug_display_settings           [   0.04079] color: 16 (rgba 5650), depth: 24, stencil: 8, acc: 0000, samples: 6/1
display  D   display_settings.c:506  _al_score_display_settings       [   0.04080] Score is : 714
display  D   display_settings.c:191  debug_display_settings           [   0.04081] color: 16 (rgba 5650), depth: 24, stencil: 8, acc: 0000, samples: 7/1
display  D   display_settings.c:506  _al_score_display_settings       [   0.04082] Score is : 713
display  D   display_settings.c:191  debug_display_settings           [   0.04083] color: 16 (rgba 5650), depth: 24, stencil: 8, acc: 0000, samples: 8/1
display  D   display_settings.c:506  _al_score_display_settings       [   0.04084] Score is : 712
display  D   display_settings.c:191  debug_display_settings           [   0.04085] color: 16 (rgba 5650), depth: 24, stencil: 0, acc: 0000, samples: 0/0
display  D   display_settings.c:506  _al_score_display_settings       [   0.04086] Score is : 897
display  D   display_settings.c:191  debug_display_settings           [   0.04087] color: 16 (rgba 5650), depth: 24, stencil: 0, acc: 0000, samples: 0/0
display  D   display_settings.c:506  _al_score_display_settings       [   0.04088] Score is : 897
display  D   display_settings.c:191  debug_display_settings           [   0.04089] color: 16 (rgba 5650), depth: 24, stencil: 0, acc: 0000, samples: 2/1
display  D   display_settings.c:506  _al_score_display_settings       [   0.04090] Score is : 726
display  D   display_settings.c:191  debug_display_settings           [   0.04091] color: 16 (rgba 5650), depth: 24, stencil: 0, acc: 0000, samples: 3/1
display  D   display_settings.c:506  _al_score_display_settings       [   0.04092] Score is : 721
display  D   display_settings.c:191  debug_display_settings           [   0.04093] color: 16 (rgba 5650), depth: 24, stencil: 0, acc: 0000, samples: 4/1
display  D   display_settings.c:506  _al_score_display_settings       [   0.04094] Score is : 717
display  D   display_settings.c:191  debug_display_settings           [   0.04095] color: 16 (rgba 5650), depth: 24, stencil: 0, acc: 0000, samples: 5/1
display  D   display_settings.c:506  _al_score_display_settings       [   0.04096] Score is : 715
display  D   display_settings.c:191  debug_display_settings           [   0.04096] color: 16 (rgba 5650), depth: 24, stencil: 0, acc: 0000, samples: 6/1
display  D   display_settings.c:506  _al_score_display_settings       [   0.04100] Score is : 714
display  D   display_settings.c:191  debug_display_settings           [   0.04101] color: 16 (rgba 5650), depth: 24, stencil: 0, acc: 0000, samples: 7/1
display  D   display_settings.c:506  _al_score_display_settings       [   0.04102] Score is : 713
display  D   display_settings.c:191  debug_display_settings           [   0.04103] color: 16 (rgba 5650), depth: 24, stencil: 0, acc: 0000, samples: 8/1
display  D   display_settings.c:506  _al_score_display_settings       [   0.04104] Score is : 712
display  D   display_settings.c:191  debug_display_settings           [   0.04105] color: 16 (rgba 5650), depth: 16, stencil: 0, acc: 0000, samples: 0/0
display  D   display_settings.c:506  _al_score_display_settings       [   0.04106] Score is : 897
display  D   display_settings.c:191  debug_display_settings           [   0.04107] color: 16 (rgba 5650), depth: 16, stencil: 0, acc: 0000, samples: 0/0
display  D   display_settings.c:506  _al_score_display_settings       [   0.04108] Score is : 897
display  D   display_settings.c:191  debug_display_settings           [   0.04109] color: 16 (rgba 5650), depth: 16, stencil: 0, acc: 0000, samples: 2/1
display  D   display_settings.c:506  _al_score_display_settings       [   0.04110] Score is : 726
display  D   display_settings.c:191  debug_display_settings           [   0.04111] color: 16 (rgba 5650), depth: 16, stencil: 0, acc: 0000, samples: 3/1
display  D   display_settings.c:506  _al_score_display_settings       [   0.04112] Score is : 721
display  D   display_settings.c:191  debug_display_settings           [   0.04113] color: 16 (rgba 5650), depth: 16, stencil: 0, acc: 0000, samples: 4/1
display  D   display_settings.c:506  _al_score_display_settings       [   0.04114] Score is : 717
display  D   display_settings.c:191  debug_display_settings           [   0.04115] color: 16 (rgba 5650), depth: 16, stencil: 0, acc: 0000, samples: 5/1
display  D   display_settings.c:506  _al_score_display_settings       [   0.04116] Score is : 715
display  D   display_settings.c:191  debug_display_settings           [   0.04116] color: 16 (rgba 5650), depth: 16, stencil: 0, acc: 0000, samples: 6/1
display  D   display_settings.c:506  _al_score_display_settings       [   0.04118] Score is : 714
display  D   display_settings.c:191  debug_display_settings           [   0.04118] color: 16 (rgba 5650), depth: 16, stencil: 0, acc: 0000, samples: 7/1
display  D   display_settings.c:506  _al_score_display_settings       [   0.04119] Score is : 713
display  D   display_settings.c:191  debug_display_settings           [   0.04120] color: 16 (rgba 5650), depth: 16, stencil: 0, acc: 0000, samples: 8/1
display  D   display_settings.c:506  _al_score_display_settings       [   0.04121] Score is : 712
display  D   display_settings.c:191  debug_display_settings           [   0.04122] color: 32 (rgba 8880), depth: 0, stencil: 0, acc: 0000, samples: 0/0
display  D   display_settings.c:377  _al_score_display_settings       [   0.04123] Single Buffer requirement not met.
display  D   display_settings.c:191  debug_display_settings           [   0.04124] color: 32 (rgba 8880), depth: 0, stencil: 0, acc: 0000, samples: 0/0
display  D   display_settings.c:377  _al_score_display_settings       [   0.04125] Single Buffer requirement not met.
display  D   display_settings.c:191  debug_display_settings           [   0.04126] color: 32 (rgba 8880), depth: 0, stencil: 0, acc: 0000, samples: 2/1
display  D   display_settings.c:377  _al_score_display_settings       [   0.04127] Single Buffer requirement not met.
display  D   display_settings.c:191  debug_display_settings           [   0.04128] color: 32 (rgba 8880), depth: 0, stencil: 0, acc: 0000, samples: 3/1
display  D   display_settings.c:377  _al_score_display_settings       [   0.04129] Single Buffer requirement not met.
display  D   display_settings.c:191  debug_display_settings           [   0.04130] color: 32 (rgba 8880), depth: 0, stencil: 0, acc: 0000, samples: 4/1
display  D   display_settings.c:377  _al_score_display_settings       [   0.04131] Single Buffer requirement not met.
display  D   display_settings.c:191  debug_display_settings           [   0.04132] color: 32 (rgba 8880), depth: 0, stencil: 0, acc: 0000, samples: 5/1
display  D   display_settings.c:377  _al_score_display_settings       [   0.04133] Single Buffer requirement not met.
display  D   display_settings.c:191  debug_display_settings           [   0.04134] color: 32 (rgba 8880), depth: 0, stencil: 0, acc: 0000, samples: 6/1
display  D   display_settings.c:377  _al_score_display_settings       [   0.04135] Single Buffer requirement not met.
display  D   display_settings.c:191  debug_display_settings           [   0.04136] color: 32 (rgba 8880), depth: 0, stencil: 0, acc: 0000, samples: 7/1
display  D   display_settings.c:377  _al_score_display_settings       [   0.04137] Single Buffer requirement not met.
display  D   display_settings.c:191  debug_display_settings           [   0.04138] color: 32 (rgba 8880), depth: 0, stencil: 0, acc: 0000, samples: 8/1
display  D   display_settings.c:377  _al_score_display_settings       [   0.04139] Single Buffer requirement not met.
display  D   display_settings.c:191  debug_display_settings           [   0.04140] color: 32 (rgba 8880), depth: 24, stencil: 8, acc: 0000, samples: 0/0
display  D   display_settings.c:377  _al_score_display_settings       [   0.04141] Single Buffer requirement not met.
display  D   display_settings.c:191  debug_display_settings           [   0.04142] color: 32 (rgba 8880), depth: 24, stencil: 8, acc: 0000, samples: 0/0
display  D   display_settings.c:377  _al_score_display_settings       [   0.04143] Single Buffer requirement not met.
display  D   display_settings.c:191  debug_display_settings           [   0.04144] color: 32 (rgba 8880), depth: 24, stencil: 8, acc: 0000, samples: 2/1
display  D   display_settings.c:377  _al_score_display_settings       [   0.04145] Single Buffer requirement not met.
display  D   display_settings.c:191  debug_display_settings           [   0.04145] color: 32 (rgba 8880), depth: 24, stencil: 8, acc: 0000, samples: 3/1
display  D   display_settings.c:377  _al_score_display_settings       [   0.04147] Single Buffer requirement not met.
display  D   display_settings.c:191  debug_display_settings           [   0.04147] color: 32 (rgba 8880), depth: 24, stencil: 8, acc: 0000, samples: 4/1
display  D   display_settings.c:377  _al_score_display_settings       [   0.04148] Single Buffer requirement not met.
display  D   display_settings.c:191  debug_display_settings           [   0.04149] color: 32 (rgba 8880), depth: 24, stencil: 8, acc: 0000, samples: 5/1
display  D   display_settings.c:377  _al_score_display_settings       [   0.04150] Single Buffer requirement not met.
display  D   display_settings.c:191  debug_display_settings           [   0.04151] color: 32 (rgba 8880), depth: 24, stencil: 8, acc: 0000, samples: 6/1
display  D   display_settings.c:377  _al_score_display_settings       [   0.04152] Single Buffer requirement not met.
display  D   display_settings.c:191  debug_display_settings           [   0.04153] color: 32 (rgba 8880), depth: 24, stencil: 8, acc: 0000, samples: 7/1
display  D   display_settings.c:377  _al_score_display_settings       [   0.04154] Single Buffer requirement not met.
display  D   display_settings.c:191  debug_display_settings           [   0.04155] color: 32 (rgba 8880), depth: 24, stencil: 8, acc: 0000, samples: 8/1
display  D   display_settings.c:377  _al_score_display_settings       [   0.04156] Single Buffer requirement not met.
display  D   display_settings.c:191  debug_display_settings           [   0.04157] color: 32 (rgba 8880), depth: 24, stencil: 0, acc: 0000, samples: 0/0
display  D   display_settings.c:377  _al_score_display_settings       [   0.04158] Single Buffer requirement not met.
display  D   display_settings.c:191  debug_display_settings           [   0.04159] color: 32 (rgba 8880), depth: 24, stencil: 0, acc: 0000, samples: 0/0
display  D   display_settings.c:377  _al_score_display_settings       [   0.04160] Single Buffer requirement not met.
display  D   display_settings.c:191  debug_display_settings           [   0.04161] color: 32 (rgba 8880), depth: 24, stencil: 0, acc: 0000, samples: 2/1
display  D   display_settings.c:377  _al_score_display_settings       [   0.04162] Single Buffer requirement not met.
display  D   display_settings.c:191  debug_display_settings           [   0.04163] color: 32 (rgba 8880), depth: 24, stencil: 0, acc: 0000, samples: 3/1
display  D   display_settings.c:377  _al_score_display_settings       [   0.04164] Single Buffer requirement not met.
display  D   display_settings.c:191  debug_display_settings           [   0.04165] color: 32 (rgba 8880), depth: 24, stencil: 0, acc: 0000, samples: 4/1
display  D   display_settings.c:377  _al_score_display_settings       [   0.04166] Single Buffer requirement not met.
display  D   display_settings.c:191  debug_display_settings           [   0.04167] color: 32 (rgba 8880), depth: 24, stencil: 0, acc: 0000, samples: 5/1
display  D   display_settings.c:377  _al_score_display_settings       [   0.04168] Single Buffer requirement not met.
display  D   display_settings.c:191  debug_display_settings           [   0.04169] color: 32 (rgba 8880), depth: 24, stencil: 0, acc: 0000, samples: 6/1
display  D   display_settings.c:377  _al_score_display_settings       [   0.04170] Single Buffer requirement not met.
display  D   display_settings.c:191  debug_display_settings           [   0.04171] color: 32 (rgba 8880), depth: 24, stencil: 0, acc: 0000, samples: 7/1
display  D   display_settings.c:377  _al_score_display_settings       [   0.04172] Single Buffer requirement not met.
display  D   display_settings.c:191  debug_display_settings           [   0.04173] color: 32 (rgba 8880), depth: 24, stencil: 0, acc: 0000, samples: 8/1
display  D   display_settings.c:377  _al_score_display_settings       [   0.04174] Single Buffer requirement not met.
display  D   display_settings.c:191  debug_display_settings           [   0.04175] color: 32 (rgba 8880), depth: 16, stencil: 0, acc: 0000, samples: 0/0
display  D   display_settings.c:377  _al_score_display_settings       [   0.04176] Single Buffer requirement not met.
display  D   display_settings.c:191  debug_display_settings           [   0.04177] color: 32 (rgba 8880), depth: 16, stencil: 0, acc: 0000, samples: 0/0
display  D   display_settings.c:377  _al_score_display_settings       [   0.04178] Single Buffer requirement not met.
display  D   display_settings.c:191  debug_display_settings           [   0.04178] color: 32 (rgba 8880), depth: 16, stencil: 0, acc: 0000, samples: 2/1
display  D   display_settings.c:377  _al_score_display_settings       [   0.04180] Single Buffer requirement not met.
display  D   display_settings.c:191  debug_display_settings           [   0.04180] color: 32 (rgba 8880), depth: 16, stencil: 0, acc: 0000, samples: 3/1
display  D   display_settings.c:377  _al_score_display_settings       [   0.04181] Single Buffer requirement not met.
display  D   display_settings.c:191  debug_display_settings           [   0.04182] color: 32 (rgba 8880), depth: 16, stencil: 0, acc: 0000, samples: 4/1
display  D   display_settings.c:377  _al_score_display_settings       [   0.04183] Single Buffer requirement not met.
display  D   display_settings.c:191  debug_display_settings           [   0.04184] color: 32 (rgba 8880), depth: 16, stencil: 0, acc: 0000, samples: 5/1
display  D   display_settings.c:377  _al_score_display_settings       [   0.04185] Single Buffer requirement not met.
display  D   display_settings.c:191  debug_display_settings           [   0.04186] color: 32 (rgba 8880), depth: 16, stencil: 0, acc: 0000, samples: 6/1
display  D   display_settings.c:377  _al_score_display_settings       [   0.04187] Single Buffer requirement not met.
display  D   display_settings.c:191  debug_display_settings           [   0.04188] color: 32 (rgba 8880), depth: 16, stencil: 0, acc: 0000, samples: 7/1
display  D   display_settings.c:377  _al_score_display_settings       [   0.04189] Single Buffer requirement not met.
display  D   display_settings.c:191  debug_display_settings           [   0.04190] color: 32 (rgba 8880), depth: 16, stencil: 0, acc: 0000, samples: 8/1
display  D   display_settings.c:377  _al_score_display_settings       [   0.04191] Single Buffer requirement not met.
display  D   display_settings.c:191  debug_display_settings           [   0.04192] color: 16 (rgba 5650), depth: 0, stencil: 0, acc: 0000, samples: 0/0
display  D   display_settings.c:377  _al_score_display_settings       [   0.04193] Single Buffer requirement not met.
display  D   display_settings.c:191  debug_display_settings           [   0.04194] color: 16 (rgba 5650), depth: 0, stencil: 0, acc: 0000, samples: 0/0
display  D   display_settings.c:377  _al_score_display_settings       [   0.04195] Single Buffer requirement not met.
display  D   display_settings.c:191  debug_display_settings           [   0.04196] color: 16 (rgba 5650), depth: 0, stencil: 0, acc: 0000, samples: 2/1
display  D   display_settings.c:377  _al_score_display_settings       [   0.04197] Single Buffer requirement not met.
display  D   display_settings.c:191  debug_display_settings           [   0.04198] color: 16 (rgba 5650), depth: 0, stencil: 0, acc: 0000, samples: 3/1
display  D   display_settings.c:377  _al_score_display_settings       [   0.04199] Single Buffer requirement not met.
display  D   display_settings.c:191  debug_display_settings           [   0.04200] color: 16 (rgba 5650), depth: 0, stencil: 0, acc: 0000, samples: 4/1
display  D   display_settings.c:377  _al_score_display_settings       [   0.04201] Single Buffer requirement not met.
display  D   display_settings.c:191  debug_display_settings           [   0.04202] color: 16 (rgba 5650), depth: 0, stencil: 0, acc: 0000, samples: 5/1
display  D   display_settings.c:377  _al_score_display_settings       [   0.04203] Single Buffer requirement not met.
display  D   display_settings.c:191  debug_display_settings           [   0.04204] color: 16 (rgba 5650), depth: 0, stencil: 0, acc: 0000, samples: 6/1
display  D   display_settings.c:377  _al_score_display_settings       [   0.04205] Single Buffer requirement not met.
display  D   display_settings.c:191  debug_display_settings           [   0.04206] color: 16 (rgba 5650), depth: 0, stencil: 0, acc: 0000, samples: 7/1
display  D   display_settings.c:377  _al_score_display_settings       [   0.04208] Single Buffer requirement not met.
display  D   display_settings.c:191  debug_display_settings           [   0.04209] color: 16 (rgba 5650), depth: 0, stencil: 0, acc: 0000, samples: 8/1
display  D   display_settings.c:377  _al_score_display_settings       [   0.04211] Single Buffer requirement not met.
display  D   display_settings.c:191  debug_display_settings           [   0.04211] color: 16 (rgba 5650), depth: 24, stencil: 8, acc: 0000, samples: 0/0
display  D   display_settings.c:377  _al_score_display_settings       [   0.04212] Single Buffer requirement not met.
display  D   display_settings.c:191  debug_display_settings           [   0.04213] color: 16 (rgba 5650), depth: 24, stencil: 8, acc: 0000, samples: 0/0
display  D   display_settings.c:377  _al_score_display_settings       [   0.04214] Single Buffer requirement not met.
display  D   display_settings.c:191  debug_display_settings           [   0.04215] color: 16 (rgba 5650), depth: 24, stencil: 8, acc: 0000, samples: 2/1
display  D   display_settings.c:377  _al_score_display_settings       [   0.04216] Single Buffer requirement not met.
display  D   display_settings.c:191  debug_display_settings           [   0.04217] color: 16 (rgba 5650), depth: 24, stencil: 8, acc: 0000, samples: 3/1
display  D   display_settings.c:377  _al_score_display_settings       [   0.04218] Single Buffer requirement not met.
display  D   display_settings.c:191  debug_display_settings           [   0.04219] color: 16 (rgba 5650), depth: 24, stencil: 8, acc: 0000, samples: 4/1
display  D   display_settings.c:377  _al_score_display_settings       [   0.04222] Single Buffer requirement not met.
display  D   display_settings.c:191  debug_display_settings           [   0.04223] color: 16 (rgba 5650), depth: 24, stencil: 8, acc: 0000, samples: 5/1
display  D   display_settings.c:377  _al_score_display_settings       [   0.04224] Single Buffer requirement not met.
display  D   display_settings.c:191  debug_display_settings           [   0.04225] color: 16 (rgba 5650), depth: 24, stencil: 8, acc: 0000, samples: 6/1
display  D   display_settings.c:377  _al_score_display_settings       [   0.04226] Single Buffer requirement not met.
display  D   display_settings.c:191  debug_display_settings           [   0.04227] color: 16 (rgba 5650), depth: 24, stencil: 8, acc: 0000, samples: 7/1
display  D   display_settings.c:377  _al_score_display_settings       [   0.04228] Single Buffer requirement not met.
display  D   display_settings.c:191  debug_display_settings           [   0.04229] color: 16 (rgba 5650), depth: 24, stencil: 8, acc: 0000, samples: 8/1
display  D   display_settings.c:377  _al_score_display_settings       [   0.04230] Single Buffer requirement not met.
display  D   display_settings.c:191  debug_display_settings           [   0.04231] color: 16 (rgba 5650), depth: 24, stencil: 0, acc: 0000, samples: 0/0
display  D   display_settings.c:377  _al_score_display_settings       [   0.04232] Single Buffer requirement not met.
display  D   display_settings.c:191  debug_display_settings           [   0.04233] color: 16 (rgba 5650), depth: 24, stencil: 0, acc: 0000, samples: 0/0
display  D   display_settings.c:377  _al_score_display_settings       [   0.04234] Single Buffer requirement not met.
display  D   display_settings.c:191  debug_display_settings           [   0.04235] color: 16 (rgba 5650), depth: 24, stencil: 0, acc: 0000, samples: 2/1
display  D   display_settings.c:377  _al_score_display_settings       [   0.04236] Single Buffer requirement not met.
display  D   display_settings.c:191  debug_display_settings           [   0.04237] color: 16 (rgba 5650), depth: 24, stencil: 0, acc: 0000, samples: 3/1
display  D   display_settings.c:377  _al_score_display_settings       [   0.04238] Single Buffer requirement not met.
display  D   display_settings.c:191  debug_display_settings           [   0.04239] color: 16 (rgba 5650), depth: 24, stencil: 0, acc: 0000, samples: 4/1
display  D   display_settings.c:377  _al_score_display_settings       [   0.04240] Single Buffer requirement not met.
display  D   display_settings.c:191  debug_display_settings           [   0.04241] color: 16 (rgba 5650), depth: 24, stencil: 0, acc: 0000, samples: 5/1
display  D   display_settings.c:377  _al_score_display_settings       [   0.04242] Single Buffer requirement not met.
display  D   display_settings.c:191  debug_display_settings           [   0.04243] color: 16 (rgba 5650), depth: 24, stencil: 0, acc: 0000, samples: 6/1
display  D   display_settings.c:377  _al_score_display_settings       [   0.04244] Single Buffer requirement not met.
display  D   display_settings.c:191  debug_display_settings           [   0.04245] color: 16 (rgba 5650), depth: 24, stencil: 0, acc: 0000, samples: 7/1
display  D   display_settings.c:377  _al_score_display_settings       [   0.04246] Single Buffer requirement not met.
display  D   display_settings.c:191  debug_display_settings           [   0.04247] color: 16 (rgba 5650), depth: 24, stencil: 0, acc: 0000, samples: 8/1
display  D   display_settings.c:377  _al_score_display_settings       [   0.04248] Single Buffer requirement not met.
display  D   display_settings.c:191  debug_display_settings           [   0.04249] color: 16 (rgba 5650), depth: 16, stencil: 0, acc: 0000, samples: 0/0
display  D   display_settings.c:377  _al_score_display_settings       [   0.04250] Single Buffer requirement not met.
display  D   display_settings.c:191  debug_display_settings           [   0.04250] color: 16 (rgba 5650), depth: 16, stencil: 0, acc: 0000, samples: 0/0
display  D   display_settings.c:377  _al_score_display_settings       [   0.04252] Single Buffer requirement not met.
display  D   display_settings.c:191  debug_display_settings           [   0.04253] color: 16 (rgba 5650), depth: 16, stencil: 0, acc: 0000, samples: 2/1
display  D   display_settings.c:377  _al_score_display_settings       [   0.04254] Single Buffer requirement not met.
display  D   display_settings.c:191  debug_display_settings           [   0.04254] color: 16 (rgba 5650), depth: 16, stencil: 0, acc: 0000, samples: 3/1
display  D   display_settings.c:377  _al_score_display_settings       [   0.04256] Single Buffer requirement not met.
display  D   display_settings.c:191  debug_display_settings           [   0.04256] color: 16 (rgba 5650), depth: 16, stencil: 0, acc: 0000, samples: 4/1
display  D   display_settings.c:377  _al_score_display_settings       [   0.04257] Single Buffer requirement not met.
display  D   display_settings.c:191  debug_display_settings           [   0.04258] color: 16 (rgba 5650), depth: 16, stencil: 0, acc: 0000, samples: 5/1
display  D   display_settings.c:377  _al_score_display_settings       [   0.04259] Single Buffer requirement not met.
display  D   display_settings.c:191  debug_display_settings           [   0.04260] color: 16 (rgba 5650), depth: 16, stencil: 0, acc: 0000, samples: 6/1
display  D   display_settings.c:377  _al_score_display_settings       [   0.04261] Single Buffer requirement not met.
display  D   display_settings.c:191  debug_display_settings           [   0.04263] color: 16 (rgba 5650), depth: 16, stencil: 0, acc: 0000, samples: 7/1
display  D   display_settings.c:377  _al_score_display_settings       [   0.04265] Single Buffer requirement not met.
display  D   display_settings.c:191  debug_display_settings           [   0.04266] color: 16 (rgba 5650), depth: 16, stencil: 0, acc: 0000, samples: 8/1
display  D   display_settings.c:377  _al_score_display_settings       [   0.04267] Single Buffer requirement not met.
display  D   display_settings.c:191  debug_display_settings           [   0.04268] color: 32 (rgba 8880), depth: 0, stencil: 0, acc: 0000, samples: 0/0
display  D   display_settings.c:506  _al_score_display_settings       [   0.04269] Score is : 769
display  D   display_settings.c:191  debug_display_settings           [   0.04270] color: 32 (rgba 8880), depth: 0, stencil: 0, acc: 0000, samples: 0/0
display  D   display_settings.c:506  _al_score_display_settings       [   0.04271] Score is : 769
display  D   display_settings.c:191  debug_display_settings           [   0.04272] color: 32 (rgba 8880), depth: 0, stencil: 0, acc: 0000, samples: 2/1
display  D   display_settings.c:506  _al_score_display_settings       [   0.04273] Score is : 598
display  D   display_settings.c:191  debug_display_settings           [   0.04274] color: 32 (rgba 8880), depth: 0, stencil: 0, acc: 0000, samples: 3/1
display  D   display_settings.c:506  _al_score_display_settings       [   0.04275] Score is : 593
display  D   display_settings.c:191  debug_display_settings           [   0.04276] color: 32 (rgba 8880), depth: 0, stencil: 0, acc: 0000, samples: 4/1
display  D   display_settings.c:506  _al_score_display_settings       [   0.04277] Score is : 589
display  D   display_settings.c:191  debug_display_settings           [   0.04278] color: 32 (rgba 8880), depth: 0, stencil: 0, acc: 0000, samples: 5/1
display  D   display_settings.c:506  _al_score_display_settings       [   0.04279] Score is : 587
display  D   display_settings.c:191  debug_display_settings           [   0.04280] color: 32 (rgba 8880), depth: 0, stencil: 0, acc: 0000, samples: 6/1
display  D   display_settings.c:506  _al_score_display_settings       [   0.04281] Score is : 586
display  D   display_settings.c:191  debug_display_settings           [   0.04281] color: 32 (rgba 8880), depth: 0, stencil: 0, acc: 0000, samples: 7/1
display  D   display_settings.c:506  _al_score_display_settings       [   0.04282] Score is : 585
display  D   display_settings.c:191  debug_display_settings           [   0.04283] color: 32 (rgba 8880), depth: 0, stencil: 0, acc: 0000, samples: 8/1
display  D   display_settings.c:506  _al_score_display_settings       [   0.04285] Score is : 584
display  D   display_settings.c:191  debug_display_settings           [   0.04285] color: 32 (rgba 8880), depth: 24, stencil: 8, acc: 0000, samples: 0/0
display  D   display_settings.c:506  _al_score_display_settings       [   0.04287] Score is : 769
display  D   display_settings.c:191  debug_display_settings           [   0.04287] color: 32 (rgba 8880), depth: 24, stencil: 8, acc: 0000, samples: 0/0
display  D   display_settings.c:506  _al_score_display_settings       [   0.04288] Score is : 769
display  D   display_settings.c:191  debug_display_settings           [   0.04289] color: 32 (rgba 8880), depth: 24, stencil: 8, acc: 0000, samples: 2/1
display  D   display_settings.c:506  _al_score_display_settings       [   0.04290] Score is : 598
display  D   display_settings.c:191  debug_display_settings           [   0.04291] color: 32 (rgba 8880), depth: 24, stencil: 8, acc: 0000, samples: 3/1
display  D   display_settings.c:506  _al_score_display_settings       [   0.04292] Score is : 593
display  D   display_settings.c:191  debug_display_settings           [   0.04293] color: 32 (rgba 8880), depth: 24, stencil: 8, acc: 0000, samples: 4/1
display  D   display_settings.c:506  _al_score_display_settings       [   0.04294] Score is : 589
display  D   display_settings.c:191  debug_display_settings           [   0.04295] color: 32 (rgba 8880), depth: 24, stencil: 8, acc: 0000, samples: 5/1
display  D   display_settings.c:506  _al_score_display_settings       [   0.04296] Score is : 587
display  D   display_settings.c:191  debug_display_settings           [   0.04297] color: 32 (rgba 8880), depth: 24, stencil: 8, acc: 0000, samples: 6/1
display  D   display_settings.c:506  _al_score_display_settings       [   0.04298] Score is : 586
display  D   display_settings.c:191  debug_display_settings           [   0.04299] color: 32 (rgba 8880), depth: 24, stencil: 8, acc: 0000, samples: 7/1
display  D   display_settings.c:506  _al_score_display_settings       [   0.04300] Score is : 585
display  D   display_settings.c:191  debug_display_settings           [   0.04301] color: 32 (rgba 8880), depth: 24, stencil: 8, acc: 0000, samples: 8/1
display  D   display_settings.c:506  _al_score_display_settings       [   0.04302] Score is : 584
display  D   display_settings.c:191  debug_display_settings           [   0.04303] color: 32 (rgba 8880), depth: 24, stencil: 0, acc: 0000, samples: 0/0
display  D   display_settings.c:506  _al_score_display_settings       [   0.04304] Score is : 769
display  D   display_settings.c:191  debug_display_settings           [   0.04305] color: 32 (rgba 8880), depth: 24, stencil: 0, acc: 0000, samples: 0/0
display  D   display_settings.c:506  _al_score_display_settings       [   0.04306] Score is : 769
display  D   display_settings.c:191  debug_display_settings           [   0.04306] color: 32 (rgba 8880), depth: 24, stencil: 0, acc: 0000, samples: 2/1
display  D   display_settings.c:506  _al_score_display_settings       [   0.04307] Score is : 598
display  D   display_settings.c:191  debug_display_settings           [   0.04308] color: 32 (rgba 8880), depth: 24, stencil: 0, acc: 0000, samples: 3/1
display  D   display_settings.c:506  _al_score_display_settings       [   0.04309] Score is : 593
display  D   display_settings.c:191  debug_display_settings           [   0.04310] color: 32 (rgba 8880), depth: 24, stencil: 0, acc: 0000, samples: 4/1
display  D   display_settings.c:506  _al_score_display_settings       [   0.04311] Score is : 589
display  D   display_settings.c:191  debug_display_settings           [   0.04312] color: 32 (rgba 8880), depth: 24, stencil: 0, acc: 0000, samples: 5/1
display  D   display_settings.c:506  _al_score_display_settings       [   0.04313] Score is : 587
display  D   display_settings.c:191  debug_display_settings           [   0.04314] color: 32 (rgba 8880), depth: 24, stencil: 0, acc: 0000, samples: 6/1
display  D   display_settings.c:506  _al_score_display_settings       [   0.04315] Score is : 586
display  D   display_settings.c:191  debug_display_settings           [   0.04316] color: 32 (rgba 8880), depth: 24, stencil: 0, acc: 0000, samples: 7/1
display  D   display_settings.c:506  _al_score_display_settings       [   0.04317] Score is : 585
display  D   display_settings.c:191  debug_display_settings           [   0.04318] color: 32 (rgba 8880), depth: 24, stencil: 0, acc: 0000, samples: 8/1
display  D   display_settings.c:506  _al_score_display_settings       [   0.04320] Score is : 584
display  D   display_settings.c:191  debug_display_settings           [   0.04321] color: 32 (rgba 8880), depth: 16, stencil: 0, acc: 0000, samples: 0/0
display  D   display_settings.c:506  _al_score_display_settings       [   0.04322] Score is : 769
display  D   display_settings.c:191  debug_display_settings           [   0.04323] color: 32 (rgba 8880), depth: 16, stencil: 0, acc: 0000, samples: 0/0
display  D   display_settings.c:506  _al_score_display_settings       [   0.04324] Score is : 769
display  D   display_settings.c:191  debug_display_settings           [   0.04325] color: 32 (rgba 8880), depth: 16, stencil: 0, acc: 0000, samples: 2/1
display  D   display_settings.c:506  _al_score_display_settings       [   0.04326] Score is : 598
display  D   display_settings.c:191  debug_display_settings           [   0.04327] color: 32 (rgba 8880), depth: 16, stencil: 0, acc: 0000, samples: 3/1
display  D   display_settings.c:506  _al_score_display_settings       [   0.04328] Score is : 593
display  D   display_settings.c:191  debug_display_settings           [   0.04329] color: 32 (rgba 8880), depth: 16, stencil: 0, acc: 0000, samples: 4/1
display  D   display_settings.c:506  _al_score_display_settings       [   0.04330] Score is : 589
display  D   display_settings.c:191  debug_display_settings           [   0.04331] color: 32 (rgba 8880), depth: 16, stencil: 0, acc: 0000, samples: 5/1
display  D   display_settings.c:506  _al_score_display_settings       [   0.04332] Score is : 587
display  D   display_settings.c:191  debug_display_settings           [   0.04333] color: 32 (rgba 8880), depth: 16, stencil: 0, acc: 0000, samples: 6/1
display  D   display_settings.c:506  _al_score_display_settings       [   0.04334] Score is : 586
display  D   display_settings.c:191  debug_display_settings           [   0.04335] color: 32 (rgba 8880), depth: 16, stencil: 0, acc: 0000, samples: 7/1
display  D   display_settings.c:506  _al_score_display_settings       [   0.04336] Score is : 585
display  D   display_settings.c:191  debug_display_settings           [   0.04337] color: 32 (rgba 8880), depth: 16, stencil: 0, acc: 0000, samples: 8/1
display  D   display_settings.c:506  _al_score_display_settings       [   0.04338] Score is : 584
display  D   display_settings.c:191  debug_display_settings           [   0.04338] color: 16 (rgba 5650), depth: 0, stencil: 0, acc: 0000, samples: 0/0
display  D   display_settings.c:506  _al_score_display_settings       [   0.04340] Score is : 769
display  D   display_settings.c:191  debug_display_settings           [   0.04340] color: 16 (rgba 5650), depth: 0, stencil: 0, acc: 0000, samples: 0/0
display  D   display_settings.c:506  _al_score_display_settings       [   0.04341] Score is : 769
display  D   display_settings.c:191  debug_display_settings           [   0.04342] color: 16 (rgba 5650), depth: 0, stencil: 0, acc: 0000, samples: 2/1
display  D   display_settings.c:506  _al_score_display_settings       [   0.04343] Score is : 598
display  D   display_settings.c:191  debug_display_settings           [   0.04344] color: 16 (rgba 5650), depth: 0, stencil: 0, acc: 0000, samples: 3/1
display  D   display_settings.c:506  _al_score_display_settings       [   0.04345] Score is : 593
display  D   display_settings.c:191  debug_display_settings           [   0.04346] color: 16 (rgba 5650), depth: 0, stencil: 0, acc: 0000, samples: 4/1
display  D   display_settings.c:506  _al_score_display_settings       [   0.04347] Score is : 589
display  D   display_settings.c:191  debug_display_settings           [   0.04348] color: 16 (rgba 5650), depth: 0, stencil: 0, acc: 0000, samples: 5/1
display  D   display_settings.c:506  _al_score_display_settings       [   0.04349] Score is : 587
display  D   display_settings.c:191  debug_display_settings           [   0.04350] color: 16 (rgba 5650), depth: 0, stencil: 0, acc: 0000, samples: 6/1
display  D   display_settings.c:506  _al_score_display_settings       [   0.04351] Score is : 586
display  D   display_settings.c:191  debug_display_settings           [   0.04352] color: 16 (rgba 5650), depth: 0, stencil: 0, acc: 0000, samples: 7/1
display  D   display_settings.c:506  _al_score_display_settings       [   0.04353] Score is : 585
display  D   display_settings.c:191  debug_display_settings           [   0.04354] color: 16 (rgba 5650), depth: 0, stencil: 0, acc: 0000, samples: 8/1
display  D   display_settings.c:506  _al_score_display_settings       [   0.04355] Score is : 584
display  D   display_settings.c:191  debug_display_settings           [   0.04356] color: 16 (rgba 5650), depth: 24, stencil: 8, acc: 0000, samples: 0/0
display  D   display_settings.c:506  _al_score_display_settings       [   0.04357] Score is : 769
display  D   display_settings.c:191  debug_display_settings           [   0.04358] color: 16 (rgba 5650), depth: 24, stencil: 8, acc: 0000, samples: 0/0
display  D   display_settings.c:506  _al_score_display_settings       [   0.04359] Score is : 769
display  D   display_settings.c:191  debug_display_settings           [   0.04360] color: 16 (rgba 5650), depth: 24, stencil: 8, acc: 0000, samples: 2/1
display  D   display_settings.c:506  _al_score_display_settings       [   0.04361] Score is : 598
display  D   display_settings.c:191  debug_display_settings           [   0.04362] color: 16 (rgba 5650), depth: 24, stencil: 8, acc: 0000, samples: 3/1
display  D   display_settings.c:506  _al_score_display_settings       [   0.04363] Score is : 593
display  D   display_settings.c:191  debug_display_settings           [   0.04363] color: 16 (rgba 5650), depth: 24, stencil: 8, acc: 0000, samples: 4/1
display  D   display_settings.c:506  _al_score_display_settings       [   0.04365] Score is : 589
display  D   display_settings.c:191  debug_display_settings           [   0.04365] color: 16 (rgba 5650), depth: 24, stencil: 8, acc: 0000, samples: 5/1
display  D   display_settings.c:506  _al_score_display_settings       [   0.04367] Score is : 587
display  D   display_settings.c:191  debug_display_settings           [   0.04367] color: 16 (rgba 5650), depth: 24, stencil: 8, acc: 0000, samples: 6/1
display  D   display_settings.c:506  _al_score_display_settings       [   0.04368] Score is : 586
display  D   display_settings.c:191  debug_display_settings           [   0.04369] color: 16 (rgba 5650), depth: 24, stencil: 8, acc: 0000, samples: 7/1
display  D   display_settings.c:506  _al_score_display_settings       [   0.04370] Score is : 585
display  D   display_settings.c:191  debug_display_settings           [   0.04371] color: 16 (rgba 5650), depth: 24, stencil: 8, acc: 0000, samples: 8/1
display  D   display_settings.c:506  _al_score_display_settings       [   0.04372] Score is : 584
display  D   display_settings.c:191  debug_display_settings           [   0.04373] color: 16 (rgba 5650), depth: 24, stencil: 0, acc: 0000, samples: 0/0
display  D   display_settings.c:506  _al_score_display_settings       [   0.04374] Score is : 769
display  D   display_settings.c:191  debug_display_settings           [   0.04375] color: 16 (rgba 5650), depth: 24, stencil: 0, acc: 0000, samples: 0/0
display  D   display_settings.c:506  _al_score_display_settings       [   0.04376] Score is : 769
display  D   display_settings.c:191  debug_display_settings           [   0.04377] color: 16 (rgba 5650), depth: 24, stencil: 0, acc: 0000, samples: 2/1
display  D   display_settings.c:506  _al_score_display_settings       [   0.04378] Score is : 598
display  D   display_settings.c:191  debug_display_settings           [   0.04379] color: 16 (rgba 5650), depth: 24, stencil: 0, acc: 0000, samples: 3/1
display  D   display_settings.c:506  _al_score_display_settings       [   0.04380] Score is : 593
display  D   display_settings.c:191  debug_display_settings           [   0.04381] color: 16 (rgba 5650), depth: 24, stencil: 0, acc: 0000, samples: 4/1
display  D   display_settings.c:506  _al_score_display_settings       [   0.04382] Score is : 589
display  D   display_settings.c:191  debug_display_settings           [   0.04383] color: 16 (rgba 5650), depth: 24, stencil: 0, acc: 0000, samples: 5/1
display  D   display_settings.c:506  _al_score_display_settings       [   0.04384] Score is : 587
display  D   display_settings.c:191  debug_display_settings           [   0.04385] color: 16 (rgba 5650), depth: 24, stencil: 0, acc: 0000, samples: 6/1
display  D   display_settings.c:506  _al_score_display_settings       [   0.04386] Score is : 586
display  D   display_settings.c:191  debug_display_settings           [   0.04387] color: 16 (rgba 5650), depth: 24, stencil: 0, acc: 0000, samples: 7/1
display  D   display_settings.c:506  _al_score_display_settings       [   0.04388] Score is : 585
display  D   display_settings.c:191  debug_display_settings           [   0.04389] color: 16 (rgba 5650), depth: 24, stencil: 0, acc: 0000, samples: 8/1
display  D   display_settings.c:506  _al_score_display_settings       [   0.04390] Score is : 584
display  D   display_settings.c:191  debug_display_settings           [   0.04391] color: 16 (rgba 5650), depth: 16, stencil: 0, acc: 0000, samples: 0/0
display  D   display_settings.c:506  _al_score_display_settings       [   0.04392] Score is : 769
display  D   display_settings.c:191  debug_display_settings           [   0.04393] color: 16 (rgba 5650), depth: 16, stencil: 0, acc: 0000, samples: 0/0
display  D   display_settings.c:506  _al_score_display_settings       [   0.04394] Score is : 769
display  D   display_settings.c:191  debug_display_settings           [   0.04395] color: 16 (rgba 5650), depth: 16, stencil: 0, acc: 0000, samples: 2/1
display  D   display_settings.c:506  _al_score_display_settings       [   0.04396] Score is : 598
display  D   display_settings.c:191  debug_display_settings           [   0.04397] color: 16 (rgba 5650), depth: 16, stencil: 0, acc: 0000, samples: 3/1
display  D   display_settings.c:506  _al_score_display_settings       [   0.04398] Score is : 593
display  D   display_settings.c:191  debug_display_settings           [   0.04399] color: 16 (rgba 5650), depth: 16, stencil: 0, acc: 0000, samples: 4/1
display  D   display_settings.c:506  _al_score_display_settings       [   0.04400] Score is : 589
display  D   display_settings.c:191  debug_display_settings           [   0.04400] color: 16 (rgba 5650), depth: 16, stencil: 0, acc: 0000, samples: 5/1
display  D   display_settings.c:506  _al_score_display_settings       [   0.04401] Score is : 587
display  D   display_settings.c:191  debug_display_settings           [   0.04402] color: 16 (rgba 5650), depth: 16, stencil: 0, acc: 0000, samples: 6/1
display  D   display_settings.c:506  _al_score_display_settings       [   0.04403] Score is : 586
display  D   display_settings.c:191  debug_display_settings           [   0.04404] color: 16 (rgba 5650), depth: 16, stencil: 0, acc: 0000, samples: 7/1
display  D   display_settings.c:506  _al_score_display_settings       [   0.04405] Score is : 585
display  D   display_settings.c:191  debug_display_settings           [   0.04406] color: 16 (rgba 5650), depth: 16, stencil: 0, acc: 0000, samples: 8/1
display  D   display_settings.c:506  _al_score_display_settings       [   0.04407] Score is : 584
display  D   display_settings.c:191  debug_display_settings           [   0.04408] color: 32 (rgba 8880), depth: 0, stencil: 0, acc: 0000, samples: 0/0
display  D   display_settings.c:377  _al_score_display_settings       [   0.04410] Single Buffer requirement not met.
display  D   display_settings.c:191  debug_display_settings           [   0.04411] color: 32 (rgba 8880), depth: 0, stencil: 0, acc: 0000, samples: 0/0
display  D   display_settings.c:377  _al_score_display_settings       [   0.04412] Single Buffer requirement not met.
display  D   display_settings.c:191  debug_display_settings           [   0.04413] color: 32 (rgba 8880), depth: 0, stencil: 0, acc: 0000, samples: 2/1
display  D   display_settings.c:377  _al_score_display_settings       [   0.04414] Single Buffer requirement not met.
display  D   display_settings.c:191  debug_display_settings           [   0.04415] color: 32 (rgba 8880), depth: 0, stencil: 0, acc: 0000, samples: 3/1
display  D   display_settings.c:377  _al_score_display_settings       [   0.04416] Single Buffer requirement not met.
display  D   display_settings.c:191  debug_display_settings           [   0.04417] color: 32 (rgba 8880), depth: 0, stencil: 0, acc: 0000, samples: 4/1
display  D   display_settings.c:377  _al_score_display_settings       [   0.04418] Single Buffer requirement not met.
display  D   display_settings.c:191  debug_display_settings           [   0.04418] color: 32 (rgba 8880), depth: 0, stencil: 0, acc: 0000, samples: 5/1
display  D   display_settings.c:377  _al_score_display_settings       [   0.04419] Single Buffer requirement not met.
display  D   display_settings.c:191  debug_display_settings           [   0.04420] color: 32 (rgba 8880), depth: 0, stencil: 0, acc: 0000, samples: 6/1
display  D   display_settings.c:377  _al_score_display_settings       [   0.04421] Single Buffer requirement not met.
display  D   display_settings.c:191  debug_display_settings           [   0.04422] color: 32 (rgba 8880), depth: 0, stencil: 0, acc: 0000, samples: 7/1
display  D   display_settings.c:377  _al_score_display_settings       [   0.04423] Single Buffer requirement not met.
display  D   display_settings.c:191  debug_display_settings           [   0.04424] color: 32 (rgba 8880), depth: 0, stencil: 0, acc: 0000, samples: 8/1
display  D   display_settings.c:377  _al_score_display_settings       [   0.04425] Single Buffer requirement not met.
display  D   display_settings.c:191  debug_display_settings           [   0.04426] color: 32 (rgba 8880), depth: 24, stencil: 8, acc: 0000, samples: 0/0
display  D   display_settings.c:377  _al_score_display_settings       [   0.04427] Single Buffer requirement not met.
display  D   display_settings.c:191  debug_display_settings           [   0.04428] color: 32 (rgba 8880), depth: 24, stencil: 8, acc: 0000, samples: 0/0
display  D   display_settings.c:377  _al_score_display_settings       [   0.04429] Single Buffer requirement not met.
display  D   display_settings.c:191  debug_display_settings           [   0.04430] color: 32 (rgba 8880), depth: 24, stencil: 8, acc: 0000, samples: 2/1
display  D   display_settings.c:377  _al_score_display_settings       [   0.04432] Single Buffer requirement not met.
display  D   display_settings.c:191  debug_display_settings           [   0.04433] color: 32 (rgba 8880), depth: 24, stencil: 8, acc: 0000, samples: 3/1
display  D   display_settings.c:377  _al_score_display_settings       [   0.04434] Single Buffer requirement not met.
display  D   display_settings.c:191  debug_display_settings           [   0.04435] color: 32 (rgba 8880), depth: 24, stencil: 8, acc: 0000, samples: 4/1
display  D   display_settings.c:377  _al_score_display_settings       [   0.04436] Single Buffer requirement not met.
display  D   display_settings.c:191  debug_display_settings           [   0.04437] color: 32 (rgba 8880), depth: 24, stencil: 8, acc: 0000, samples: 5/1
display  D   display_settings.c:377  _al_score_display_settings       [   0.04438] Single Buffer requirement not met.
display  D   display_settings.c:191  debug_display_settings           [   0.04439] color: 32 (rgba 8880), depth: 24, stencil: 8, acc: 0000, samples: 6/1
display  D   display_settings.c:377  _al_score_display_settings       [   0.04440] Single Buffer requirement not met.
display  D   display_settings.c:191  debug_display_settings           [   0.04441] color: 32 (rgba 8880), depth: 24, stencil: 8, acc: 0000, samples: 7/1
display  D   display_settings.c:377  _al_score_display_settings       [   0.04442] Single Buffer requirement not met.
display  D   display_settings.c:191  debug_display_settings           [   0.04443] color: 32 (rgba 8880), depth: 24, stencil: 8, acc: 0000, samples: 8/1
display  D   display_settings.c:377  _al_score_display_settings       [   0.04444] Single Buffer requirement not met.
display  D   display_settings.c:191  debug_display_settings           [   0.04445] color: 32 (rgba 8880), depth: 24, stencil: 0, acc: 0000, samples: 0/0
display  D   display_settings.c:377  _al_score_display_settings       [   0.04446] Single Buffer requirement not met.
display  D   display_settings.c:191  debug_display_settings           [   0.04447] color: 32 (rgba 8880), depth: 24, stencil: 0, acc: 0000, samples: 0/0
display  D   display_settings.c:377  _al_score_display_settings       [   0.04448] Single Buffer requirement not met.
display  D   display_settings.c:191  debug_display_settings           [   0.04448] color: 32 (rgba 8880), depth: 24, stencil: 0, acc: 0000, samples: 2/1
display  D   display_settings.c:377  _al_score_display_settings       [   0.04449] Single Buffer requirement not met.
display  D   display_settings.c:191  debug_display_settings           [   0.04450] color: 32 (rgba 8880), depth: 24, stencil: 0, acc: 0000, samples: 3/1
display  D   display_settings.c:377  _al_score_display_settings       [   0.04451] Single Buffer requirement not met.
display  D   display_settings.c:191  debug_display_settings           [   0.04452] color: 32 (rgba 8880), depth: 24, stencil: 0, acc: 0000, samples: 4/1
display  D   display_settings.c:377  _al_score_display_settings       [   0.04453] Single Buffer requirement not met.
display  D   display_settings.c:191  debug_display_settings           [   0.04454] color: 32 (rgba 8880), depth: 24, stencil: 0, acc: 0000, samples: 5/1
display  D   display_settings.c:377  _al_score_display_settings       [   0.04455] Single Buffer requirement not met.
display  D   display_settings.c:191  debug_display_settings           [   0.04456] color: 32 (rgba 8880), depth: 24, stencil: 0, acc: 0000, samples: 6/1
display  D   display_settings.c:377  _al_score_display_settings       [   0.04457] Single Buffer requirement not met.
display  D   display_settings.c:191  debug_display_settings           [   0.04458] color: 32 (rgba 8880), depth: 24, stencil: 0, acc: 0000, samples: 7/1
display  D   display_settings.c:377  _al_score_display_settings       [   0.04459] Single Buffer requirement not met.
display  D   display_settings.c:191  debug_display_settings           [   0.04460] color: 32 (rgba 8880), depth: 24, stencil: 0, acc: 0000, samples: 8/1
display  D   display_settings.c:377  _al_score_display_settings       [   0.04461] Single Buffer requirement not met.
display  D   display_settings.c:191  debug_display_settings           [   0.04462] color: 32 (rgba 8880), depth: 16, stencil: 0, acc: 0000, samples: 0/0
display  D   display_settings.c:377  _al_score_display_settings       [   0.04463] Single Buffer requirement not met.
display  D   display_settings.c:191  debug_display_settings           [   0.04464] color: 32 (rgba 8880), depth: 16, stencil: 0, acc: 0000, samples: 0/0
display  D   display_settings.c:377  _al_score_display_settings       [   0.04465] Single Buffer requirement not met.
display  D   display_settings.c:191  debug_display_settings           [   0.04466] color: 32 (rgba 8880), depth: 16, stencil: 0, acc: 0000, samples: 2/1
display  D   display_settings.c:377  _al_score_display_settings       [   0.04467] Single Buffer requirement not met.
display  D   display_settings.c:191  debug_display_settings           [   0.04468] color: 32 (rgba 8880), depth: 16, stencil: 0, acc: 0000, samples: 3/1
display  D   display_settings.c:377  _al_score_display_settings       [   0.04477] Single Buffer requirement not met.
display  D   display_settings.c:191  debug_display_settings           [   0.04478] color: 32 (rgba 8880), depth: 16, stencil: 0, acc: 0000, samples: 4/1
display  D   display_settings.c:377  _al_score_display_settings       [   0.04479] Single Buffer requirement not met.
display  D   display_settings.c:191  debug_display_settings           [   0.04480] color: 32 (rgba 8880), depth: 16, stencil: 0, acc: 0000, samples: 5/1
display  D   display_settings.c:377  _al_score_display_settings       [   0.04481] Single Buffer requirement not met.
display  D   display_settings.c:191  debug_display_settings           [   0.04482] color: 32 (rgba 8880), depth: 16, stencil: 0, acc: 0000, samples: 6/1
display  D   display_settings.c:377  _al_score_display_settings       [   0.04483] Single Buffer requirement not met.
display  D   display_settings.c:191  debug_display_settings           [   0.04484] color: 32 (rgba 8880), depth: 16, stencil: 0, acc: 0000, samples: 7/1
display  D   display_settings.c:377  _al_score_display_settings       [   0.04485] Single Buffer requirement not met.
display  D   display_settings.c:191  debug_display_settings           [   0.04488] color: 32 (rgba 8880), depth: 16, stencil: 0, acc: 0000, samples: 8/1
display  D   display_settings.c:377  _al_score_display_settings       [   0.04489] Single Buffer requirement not met.
display  D   display_settings.c:191  debug_display_settings           [   0.04490] color: 16 (rgba 5650), depth: 0, stencil: 0, acc: 0000, samples: 0/0
display  D   display_settings.c:377  _al_score_display_settings       [   0.04492] Single Buffer requirement not met.
display  D   display_settings.c:191  debug_display_settings           [   0.04493] color: 16 (rgba 5650), depth: 0, stencil: 0, acc: 0000, samples: 0/0
display  D   display_settings.c:377  _al_score_display_settings       [   0.04494] Single Buffer requirement not met.
display  D   display_settings.c:191  debug_display_settings           [   0.04495] color: 16 (rgba 5650), depth: 0, stencil: 0, acc: 0000, samples: 2/1
display  D   display_settings.c:377  _al_score_display_settings       [   0.04497] Single Buffer requirement not met.
display  D   display_settings.c:191  debug_display_settings           [   0.04497] color: 16 (rgba 5650), depth: 0, stencil: 0, acc: 0000, samples: 3/1
display  D   display_settings.c:377  _al_score_display_settings       [   0.04498] Single Buffer requirement not met.
display  D   display_settings.c:191  debug_display_settings           [   0.04499] color: 16 (rgba 5650), depth: 0, stencil: 0, acc: 0000, samples: 4/1
display  D   display_settings.c:377  _al_score_display_settings       [   0.04500] Single Buffer requirement not met.
display  D   display_settings.c:191  debug_display_settings           [   0.04501] color: 16 (rgba 5650), depth: 0, stencil: 0, acc: 0000, samples: 5/1
display  D   display_settings.c:377  _al_score_display_settings       [   0.04502] Single Buffer requirement not met.
display  D   display_settings.c:191  debug_display_settings           [   0.04503] color: 16 (rgba 5650), depth: 0, stencil: 0, acc: 0000, samples: 6/1
display  D   display_settings.c:377  _al_score_display_settings       [   0.04504] Single Buffer requirement not met.
display  D   display_settings.c:191  debug_display_settings           [   0.04505] color: 16 (rgba 5650), depth: 0, stencil: 0, acc: 0000, samples: 7/1
display  D   display_settings.c:377  _al_score_display_settings       [   0.04506] Single Buffer requirement not met.
display  D   display_settings.c:191  debug_display_settings           [   0.04507] color: 16 (rgba 5650), depth: 0, stencil: 0, acc: 0000, samples: 8/1
display  D   display_settings.c:377  _al_score_display_settings       [   0.04508] Single Buffer requirement not met.
display  D   display_settings.c:191  debug_display_settings           [   0.04509] color: 16 (rgba 5650), depth: 24, stencil: 8, acc: 0000, samples: 0/0
display  D   display_settings.c:377  _al_score_display_settings       [   0.04510] Single Buffer requirement not met.
display  D   display_settings.c:191  debug_display_settings           [   0.04511] color: 16 (rgba 5650), depth: 24, stencil: 8, acc: 0000, samples: 0/0
display  D   display_settings.c:377  _al_score_display_settings       [   0.04513] Single Buffer requirement not met.
display  D   display_settings.c:191  debug_display_settings           [   0.04514] color: 16 (rgba 5650), depth: 24, stencil: 8, acc: 0000, samples: 2/1
display  D   display_settings.c:377  _al_score_display_settings       [   0.04515] Single Buffer requirement not met.
display  D   display_settings.c:191  debug_display_settings           [   0.04515] color: 16 (rgba 5650), depth: 24, stencil: 8, acc: 0000, samples: 3/1
display  D   display_settings.c:377  _al_score_display_settings       [   0.04517] Single Buffer requirement not met.
display  D   display_settings.c:191  debug_display_settings           [   0.04517] color: 16 (rgba 5650), depth: 24, stencil: 8, acc: 0000, samples: 4/1
display  D   display_settings.c:377  _al_score_display_settings       [   0.04519] Single Buffer requirement not met.
display  D   display_settings.c:191  debug_display_settings           [   0.04520] color: 16 (rgba 5650), depth: 24, stencil: 8, acc: 0000, samples: 5/1
display  D   display_settings.c:377  _al_score_display_settings       [   0.04521] Single Buffer requirement not met.
display  D   display_settings.c:191  debug_display_settings           [   0.04522] color: 16 (rgba 5650), depth: 24, stencil: 8, acc: 0000, samples: 6/1
display  D   display_settings.c:377  _al_score_display_settings       [   0.04525] Single Buffer requirement not met.
display  D   display_settings.c:191  debug_display_settings           [   0.04526] color: 16 (rgba 5650), depth: 24, stencil: 8, acc: 0000, samples: 7/1
display  D   display_settings.c:377  _al_score_display_settings       [   0.04527] Single Buffer requirement not met.
display  D   display_settings.c:191  debug_display_settings           [   0.04528] color: 16 (rgba 5650), depth: 24, stencil: 8, acc: 0000, samples: 8/1
display  D   display_settings.c:377  _al_score_display_settings       [   0.04529] Single Buffer requirement not met.
display  D   display_settings.c:191  debug_display_settings           [   0.04530] color: 16 (rgba 5650), depth: 24, stencil: 0, acc: 0000, samples: 0/0
display  D   display_settings.c:377  _al_score_display_settings       [   0.04531] Single Buffer requirement not met.
display  D   display_settings.c:191  debug_display_settings           [   0.04532] color: 16 (rgba 5650), depth: 24, stencil: 0, acc: 0000, samples: 0/0
display  D   display_settings.c:377  _al_score_display_settings       [   0.04534] Single Buffer requirement not met.
display  D   display_settings.c:191  debug_display_settings           [   0.04535] color: 16 (rgba 5650), depth: 24, stencil: 0, acc: 0000, samples: 2/1
display  D   display_settings.c:377  _al_score_display_settings       [   0.04536] Single Buffer requirement not met.
display  D   display_settings.c:191  debug_display_settings           [   0.04537] color: 16 (rgba 5650), depth: 24, stencil: 0, acc: 0000, samples: 3/1
display  D   display_settings.c:377  _al_score_display_settings       [   0.04538] Single Buffer requirement not met.
display  D   display_settings.c:191  debug_display_settings           [   0.04539] color: 16 (rgba 5650), depth: 24, stencil: 0, acc: 0000, samples: 4/1
display  D   display_settings.c:377  _al_score_display_settings       [   0.04540] Single Buffer requirement not met.
display  D   display_settings.c:191  debug_display_settings           [   0.04540] color: 16 (rgba 5650), depth: 24, stencil: 0, acc: 0000, samples: 5/1
display  D   display_settings.c:377  _al_score_display_settings       [   0.04541] Single Buffer requirement not met.
display  D   display_settings.c:191  debug_display_settings           [   0.04542] color: 16 (rgba 5650), depth: 24, stencil: 0, acc: 0000, samples: 6/1
display  D   display_settings.c:377  _al_score_display_settings       [   0.04543] Single Buffer requirement not met.
display  D   display_settings.c:191  debug_display_settings           [   0.04544] color: 16 (rgba 5650), depth: 24, stencil: 0, acc: 0000, samples: 7/1
display  D   display_settings.c:377  _al_score_display_settings       [   0.04545] Single Buffer requirement not met.
display  D   display_settings.c:191  debug_display_settings           [   0.04546] color: 16 (rgba 5650), depth: 24, stencil: 0, acc: 0000, samples: 8/1
display  D   display_settings.c:377  _al_score_display_settings       [   0.04547] Single Buffer requirement not met.
display  D   display_settings.c:191  debug_display_settings           [   0.04548] color: 16 (rgba 5650), depth: 16, stencil: 0, acc: 0000, samples: 0/0
display  D   display_settings.c:377  _al_score_display_settings       [   0.04549] Single Buffer requirement not met.
display  D   display_settings.c:191  debug_display_settings           [   0.04550] color: 16 (rgba 5650), depth: 16, stencil: 0, acc: 0000, samples: 0/0
display  D   display_settings.c:377  _al_score_display_settings       [   0.04551] Single Buffer requirement not met.
display  D   display_settings.c:191  debug_display_settings           [   0.04552] color: 16 (rgba 5650), depth: 16, stencil: 0, acc: 0000, samples: 2/1
display  D   display_settings.c:377  _al_score_display_settings       [   0.04553] Single Buffer requirement not met.
display  D   display_settings.c:191  debug_display_settings           [   0.04554] color: 16 (rgba 5650), depth: 16, stencil: 0, acc: 0000, samples: 3/1
display  D   display_settings.c:377  _al_score_display_settings       [   0.04555] Single Buffer requirement not met.
display  D   display_settings.c:191  debug_display_settings           [   0.04556] color: 16 (rgba 5650), depth: 16, stencil: 0, acc: 0000, samples: 4/1
display  D   display_settings.c:377  _al_score_display_settings       [   0.04557] Single Buffer requirement not met.
display  D   display_settings.c:191  debug_display_settings           [   0.04557] color: 16 (rgba 5650), depth: 16, stencil: 0, acc: 0000, samples: 5/1
display  D   display_settings.c:377  _al_score_display_settings       [   0.04558] Single Buffer requirement not met.
display  D   display_settings.c:191  debug_display_settings           [   0.04559] color: 16 (rgba 5650), depth: 16, stencil: 0, acc: 0000, samples: 6/1
display  D   display_settings.c:377  _al_score_display_settings       [   0.04560] Single Buffer requirement not met.
display  D   display_settings.c:191  debug_display_settings           [   0.04561] color: 16 (rgba 5650), depth: 16, stencil: 0, acc: 0000, samples: 7/1
display  D   display_settings.c:377  _al_score_display_settings       [   0.04562] Single Buffer requirement not met.
display  D   display_settings.c:191  debug_display_settings           [   0.04563] color: 16 (rgba 5650), depth: 16, stencil: 0, acc: 0000, samples: 8/1
display  D   display_settings.c:377  _al_score_display_settings       [   0.04564] Single Buffer requirement not met.
d3d      D         d3d_disp.cpp:1645 d3d_create_display_internals     [   0.04570] Trying format 0.
d3d      I         d3d_disp.cpp:1326 d3d_display_thread_proc          [   0.04676] Chose a display format: 23
d3d      I         d3d_disp.cpp:1395 d3d_display_thread_proc          [   0.04679] Normal window.
d3d      I         d3d_disp.cpp:801  d3d_create_device                [   0.05522] Using no depth stencil buffer
d3d      D         d3d_disp.cpp:866  d3d_create_device                [   0.07555] BeginScene succeeded in create_device
d3d      D         d3d_disp.cpp:874  d3d_create_device                [   0.07558] Success
d3d      D         d3d_disp.cpp:1668 d3d_create_display_internals     [   0.07562] Resumed after wait.
d3d      I         d3d_disp.cpp:1701 d3d_create_display_internals     [   0.07569] Format 0 succeeded.
d3d      D         d3d_disp.cpp:1724 d3d_create_display_internals     [   0.07571] Returning d3d_display: 00EE5C78
d3d      D         d3d_disp.cpp:1749 d3d_create_display_locked        [   0.07572] al_display=00EE5C78
d3d      D         d3d_disp.cpp:1750 d3d_create_display_locked        [   0.07573] al_display->vt=00EE5BB0
d3d      D         d3d_disp.cpp:1166 real_choose_bitmap_format        [   0.07798] Fake format
d3d      D         d3d_disp.cpp:1166 real_choose_bitmap_format        [   0.07800] Fake format
d3d      D         d3d_disp.cpp:1166 real_choose_bitmap_format        [   0.07801] Fake format
d3d      D         d3d_disp.cpp:1166 real_choose_bitmap_format        [   0.07801] Fake format
d3d      D         d3d_disp.cpp:1166 real_choose_bitmap_format        [   0.07802] Fake format
d3d      D         d3d_disp.cpp:1166 real_choose_bitmap_format        [   0.07803] Fake format
d3d      D         d3d_disp.cpp:1166 real_choose_bitmap_format        [   0.07804] Fake format
d3d      D         d3d_disp.cpp:1166 real_choose_bitmap_format        [   0.07805] Fake format
d3d      D         d3d_disp.cpp:1166 real_choose_bitmap_format        [   0.07805] Fake format
d3d      D         d3d_disp.cpp:1174 real_choose_bitmap_format        [   0.07806] Alpha doesn't match
d3d      D         d3d_disp.cpp:1181 real_choose_bitmap_format        [   0.07807] Adapter format is 23
d3d      D         d3d_disp.cpp:1184 real_choose_bitmap_format        [   0.07808] Found a format
d3d      I         d3d_disp.cpp:2283 _al_d3d_create_bitmap            [   0.07809] Chose bitmap format 9
dtor     D               dtor.c:184  _al_register_destructor          [   0.07847] added dtor for object 02F49360, func 5D7225BD
d3d      D          d3d_bmp.cpp:467  _al_d3d_sync_bitmap              [   0.07932] _al_d3d_sync_bitmap (system) ref count == 1
d3d      D          d3d_bmp.cpp:473  _al_d3d_sync_bitmap              [   0.07934] _al_d3d_sync_bitmap (video) ref count == 1
d3d      D          d3d_bmp.cpp:467  _al_d3d_sync_bitmap              [   0.11239] _al_d3d_sync_bitmap (system) ref count == 1
d3d      D          d3d_bmp.cpp:473  _al_d3d_sync_bitmap              [   0.11245] _al_d3d_sync_bitmap (video) ref count == 1
d3d      I         d3d_disp.cpp:921  d3d_destroy_display              [  10.11343] destroying display 00EE5C78 (current 00000000)
bitmap   D             bitmap.c:548  _al_convert_to_memory_bitmap     [  10.11348] converting display bitmap 02F49360 to memory bitmap
d3d      D          d3d_bmp.cpp:467  _al_d3d_sync_bitmap              [  10.11459] _al_d3d_sync_bitmap (system) ref count == 1
d3d      D          d3d_bmp.cpp:473  _al_d3d_sync_bitmap              [  10.11460] _al_d3d_sync_bitmap (video) ref count == 1
d3d      D         d3d_disp.cpp:905  d3d_destroy_display_internals    [  10.11518] waiting for display 00EE5C78's thread to end
d3d      W         d3d_disp.cpp:617  d3d_destroy_device               [  10.13357] d3d_destroy_device: ref count not 0
d3d      I         d3d_disp.cpp:1527 d3d_display_thread_proc          [  10.14439] d3d display thread exits
dtor     D               dtor.c:114  _al_run_destructors              [  10.14676] calling dtor for object 02F49360, func 5D7225BD
dtor     D               dtor.c:214  _al_unregister_destructor        [  10.14683] removed dtor for object 02F49360
